<?xml version="1.0" encoding="UTF-8"?>
<testsuite name="by.epam.core.UtilsTest" tests="1" skipped="0" failures="0" errors="0" timestamp="2020-06-01T08:26:33" hostname="nombran-Lenovo-ideapad-100-15IBD" time="0.005">
  <properties/>
  <testcase name="utilsTest" classname="by.epam.core.UtilsTest" time="0.005"/>
  <system-out><![CDATA[]]></system-out>
  <system-err><![CDATA[]]></system-err>
</testsuite>
