<?xml version="1.0" encoding="UTF-8"?>
<testsuite name="by.epam.util.StringUtilsTest" tests="1" skipped="0" failures="0" errors="0" timestamp="2020-06-01T07:14:27" hostname="nombran-Lenovo-ideapad-100-15IBD" time="0.003">
  <properties/>
  <testcase name="isPositiveNumberTest" classname="by.epam.util.StringUtilsTest" time="0.003"/>
  <system-out><![CDATA[]]></system-out>
  <system-err><![CDATA[]]></system-err>
</testsuite>
